Android/SamsungRemoteControlService/build/outputs/logs/manifest-merger-debug-report.txt
-- Merging decision tree log ---
manifest
ADDED from Android\SamsungRemoteControlService\AndroidManifest.xml:3:1-14:12
INJECTED from Android\SamsungRemoteControlService\AndroidManifest.xml:3:1-14:12
INJECTED from Android\SamsungRemoteControlService\AndroidManifest.xml:3:1-14:12
INJECTED from Android\SamsungRemoteControlService\AndroidManifest.xml:3:1-14:12
INJECTED from Android\SamsungRemoteControlService\AndroidManifest.xml:3:1-14:12
INJECTED from Android\SamsungRemoteControlService\AndroidManifest.xml:3:1-14:12
INJECTED from Android\SamsungRemoteControlService\AndroidManifest.xml:3:1-14:12
	package
		ADDED from Android\SamsungRemoteControlService\AndroidManifest.xml:4:11-55
		INJECTED from Android\SamsungRemoteControlService\AndroidManifest.xml
		INJECTED from Android\SamsungRemoteControlService\AndroidManifest.xml
	android:versionName
		ADDED from Android\SamsungRemoteControlService\AndroidManifest.xml:6:11-36
		INJECTED from Android\SamsungRemoteControlService\AndroidManifest.xml
		INJECTED from Android\SamsungRemoteControlService\AndroidManifest.xml
	xmlns:android
		ADDED from Android\SamsungRemoteControlService\AndroidManifest.xml:3:11-69
	android:versionCode
		ADDED from Android\SamsungRemoteControlService\AndroidManifest.xml:5:11-34
		INJECTED from Android\SamsungRemoteControlService\AndroidManifest.xml
		INJECTED from Android\SamsungRemoteControlService\AndroidManifest.xml
uses-sdk
ADDED from Android\SamsungRemoteControlService\AndroidManifest.xml:7:5-73
INJECTED from Android\SamsungRemoteControlService\AndroidManifest.xml:7:5-73
INJECTED from Android\SamsungRemoteControlService\AndroidManifest.xml:7:5-73
INJECTED from Android\SamsungRemoteControlService\AndroidManifest.xml:7:5-73
INJECTED from Android\SamsungRemoteControlService\AndroidManifest.xml:7:5-73
	android:targetSdkVersion
		ADDED from Android\SamsungRemoteControlService\AndroidManifest.xml:7:42-71
		INJECTED from Android\SamsungRemoteControlService\AndroidManifest.xml
		INJECTED from Android\SamsungRemoteControlService\AndroidManifest.xml
	android:minSdkVersion
		ADDED from Android\SamsungRemoteControlService\AndroidManifest.xml:7:15-41
		INJECTED from Android\SamsungRemoteControlService\AndroidManifest.xml
		INJECTED from Android\SamsungRemoteControlService\AndroidManifest.xml
uses-permission#android.permission.sec.MDM_REMOTE_CONTROL
ADDED from Android\SamsungRemoteControlService\AndroidManifest.xml:12:5-81
	android:name
		ADDED from Android\SamsungRemoteControlService\AndroidManifest.xml:12:22-78
uses-permission#android.permission.sec.MDM_APP_MGMT
ADDED from Android\SamsungRemoteControlService\AndroidManifest.xml:13:5-75
	android:name
		ADDED from Android\SamsungRemoteControlService\AndroidManifest.xml:13:22-72